0 info it worked if it ends with ok
1 verbose cli [ 'node', '/usr/local/bin/npm', 'install', 'node-stringprep' ]
2 info using npm@1.2.18
3 info using node@v0.10.6
4 verbose read json /Users/Jeko/Dropbox/Workspace/node/package.json
5 verbose read json /Users/Jeko/Dropbox/Workspace/node/node_modules/node-xmpp/package.json
6 verbose read json /Users/Jeko/Dropbox/Workspace/node/package.json
7 verbose cache add [ 'node-stringprep', null ]
8 verbose cache add name=undefined spec="node-stringprep" args=["node-stringprep",null]
9 verbose parsed url { protocol: null,
9 verbose parsed url   slashes: null,
9 verbose parsed url   auth: null,
9 verbose parsed url   host: null,
9 verbose parsed url   port: null,
9 verbose parsed url   hostname: null,
9 verbose parsed url   hash: null,
9 verbose parsed url   search: null,
9 verbose parsed url   query: null,
9 verbose parsed url   pathname: 'node-stringprep',
9 verbose parsed url   path: 'node-stringprep',
9 verbose parsed url   href: 'node-stringprep' }
10 silly lockFile d7e52d33-node-stringprep node-stringprep
11 verbose lock node-stringprep /Users/Jeko/.npm/d7e52d33-node-stringprep.lock
12 silly lockFile d7e52d33-node-stringprep node-stringprep
13 silly lockFile d7e52d33-node-stringprep node-stringprep
14 verbose addNamed [ 'node-stringprep', '' ]
15 verbose addNamed [ null, '' ]
16 silly lockFile c469c25e-node-stringprep node-stringprep@
17 verbose lock node-stringprep@ /Users/Jeko/.npm/c469c25e-node-stringprep.lock
18 silly addNameRange { name: 'node-stringprep', range: '', hasData: false }
19 verbose url raw node-stringprep
20 verbose url resolving [ 'https://registry.npmjs.org/', './node-stringprep' ]
21 verbose url resolved https://registry.npmjs.org/node-stringprep
22 info trying registry request attempt 1 at 11:51:08
23 verbose etag "EW1N733YJ4885YSXMFS95Y3DM"
24 http GET https://registry.npmjs.org/node-stringprep
25 http 304 https://registry.npmjs.org/node-stringprep
26 silly registry.get cb [ 304,
26 silly registry.get   { server: 'CouchDB/1.3.0 (Erlang OTP/R15B03)',
26 silly registry.get     etag: '"EW1N733YJ4885YSXMFS95Y3DM"',
26 silly registry.get     date: 'Thu, 16 May 2013 09:50:57 GMT',
26 silly registry.get     'content-length': '0' } ]
27 verbose etag node-stringprep from cache
28 silly addNameRange number 2 { name: 'node-stringprep', range: '', hasData: true }
29 silly addNameRange versions [ 'node-stringprep',
29 silly addNameRange   [ '0.0.2',
29 silly addNameRange     '0.0.3',
29 silly addNameRange     '0.0.4',
29 silly addNameRange     '0.0.5',
29 silly addNameRange     '0.1.0',
29 silly addNameRange     '0.1.1',
29 silly addNameRange     '0.1.2',
29 silly addNameRange     '0.1.3',
29 silly addNameRange     '0.1.4',
29 silly addNameRange     '0.1.5' ] ]
30 verbose addNamed [ 'node-stringprep', '0.1.5' ]
31 verbose addNamed [ '0.1.5', '0.1.5' ]
32 silly lockFile 536bbb1d-node-stringprep-0-1-5 node-stringprep@0.1.5
33 verbose lock node-stringprep@0.1.5 /Users/Jeko/.npm/536bbb1d-node-stringprep-0-1-5.lock
34 verbose read json /Users/Jeko/.npm/node-stringprep/0.1.5/package/package.json
35 silly lockFile 536bbb1d-node-stringprep-0-1-5 node-stringprep@0.1.5
36 silly lockFile 536bbb1d-node-stringprep-0-1-5 node-stringprep@0.1.5
37 silly lockFile c469c25e-node-stringprep node-stringprep@
38 silly lockFile c469c25e-node-stringprep node-stringprep@
39 silly resolved [ { name: 'node-stringprep',
39 silly resolved     version: '0.1.5',
39 silly resolved     main: './build/Release/node-stringprep.node',
39 silly resolved     description: 'ICU StringPrep profiles',
39 silly resolved     keywords: [ 'unicode', 'stringprep', 'icu' ],
39 silly resolved     dependencies: {},
39 silly resolved     devDependencies: {},
39 silly resolved     repository:
39 silly resolved      { type: 'git',
39 silly resolved        path: 'git://github.com/astro/node-stringprep.git' },
39 silly resolved     homepage: 'http://github.com/astro/node-stringprep',
39 silly resolved     bugs: 'http://github.com/astro/node-stringprep/issues',
39 silly resolved     author:
39 silly resolved      { name: 'Astro',
39 silly resolved        email: 'astro@spaceboyz.net',
39 silly resolved        url: 'http://spaceboyz.net/~astro/' },
39 silly resolved     licenses: [ [Object] ],
39 silly resolved     engines: { node: '>=0.4' },
39 silly resolved     scripts: { install: 'node-gyp rebuild' },
39 silly resolved     gypfile: true,
39 silly resolved     readme: '# node-stringprep #\n\n[Flattr this!](https://flattr.com/thing/44598/node-stringprep)\n\n## Purpose ##\n\nExposes predefined Unicode normalization functions that are required by many protocols. This is just a binding to [ICU](http://icu-project.org/), which is [said to be fast.](http://ayena.de/node/74)\n\n## Installation ##\n\n    # Debian\n    apt-get install libicu-dev\n\n    # Gentoo\n    emerge icu\n\n    # OSX using MacPorts\n    port install icu +devel\n\n    # OSX using Homebrew\n    brew install icu4c\n    ln -s /usr/local/Cellar/icu4c/<VERSION>/bin/icu-config /usr/local/bin/icu-config\n\n    npm install node-stringprep\n\n## Usage ##\n\n    var StringPrep = require(\'node-stringprep\').StringPrep;\n    var prep = new StringPrep(\'nameprep\');\n    prep.prepare(\'Äffchen\')  // => \'äffchen\'\n\nFor a list of supported profiles, see [node-stringprep.cc](http://github.com/astro/node-stringprep/blob/master/node-stringprep.cc#L160)\n',
39 silly resolved     readmeFilename: 'README.markdown',
39 silly resolved     _id: 'node-stringprep@0.1.5',
39 silly resolved     _from: 'node-stringprep@' } ]
40 info install node-stringprep@0.1.5 into /Users/Jeko/Dropbox/Workspace/node
41 info installOne node-stringprep@0.1.5
42 verbose from cache /Users/Jeko/.npm/node-stringprep/0.1.5/package/package.json
43 info /Users/Jeko/Dropbox/Workspace/node/node_modules/node-stringprep unbuild
44 verbose read json /Users/Jeko/Dropbox/Workspace/node/node_modules/node-stringprep/package.json
45 verbose tar unpack /Users/Jeko/.npm/node-stringprep/0.1.5/package.tgz
46 silly lockFile f9d0f74b-ode-node-modules-node-stringprep /Users/Jeko/Dropbox/Workspace/node/node_modules/node-stringprep
47 verbose lock /Users/Jeko/Dropbox/Workspace/node/node_modules/node-stringprep /Users/Jeko/.npm/f9d0f74b-ode-node-modules-node-stringprep.lock
48 silly lockFile ee405914-ode-stringprep-0-1-5-package-tgz /Users/Jeko/.npm/node-stringprep/0.1.5/package.tgz
49 verbose lock /Users/Jeko/.npm/node-stringprep/0.1.5/package.tgz /Users/Jeko/.npm/ee405914-ode-stringprep-0-1-5-package-tgz.lock
50 silly gunzTarPerm modes [ '755', '644' ]
51 silly gunzTarPerm extractEntry package.json
52 silly gunzTarPerm extractEntry .npmignore
53 silly gunzTarPerm extractEntry LICENSE
54 silly gunzTarPerm extractEntry leakcheck.js
55 silly gunzTarPerm extractEntry README.markdown
56 silly gunzTarPerm extractEntry binding.gyp
57 silly gunzTarPerm extractEntry install.sh
58 silly gunzTarPerm extractEntry node-stringprep.cc
59 silly gunzTarPerm extractEntry wscript
60 verbose read json /Users/Jeko/Dropbox/Workspace/node/node_modules/node-stringprep/package.json
61 silly lockFile f9d0f74b-ode-node-modules-node-stringprep /Users/Jeko/Dropbox/Workspace/node/node_modules/node-stringprep
62 silly lockFile f9d0f74b-ode-node-modules-node-stringprep /Users/Jeko/Dropbox/Workspace/node/node_modules/node-stringprep
63 silly lockFile ee405914-ode-stringprep-0-1-5-package-tgz /Users/Jeko/.npm/node-stringprep/0.1.5/package.tgz
64 silly lockFile ee405914-ode-stringprep-0-1-5-package-tgz /Users/Jeko/.npm/node-stringprep/0.1.5/package.tgz
65 info preinstall node-stringprep@0.1.5
66 verbose from cache /Users/Jeko/Dropbox/Workspace/node/node_modules/node-stringprep/package.json
67 verbose readDependencies using package.json deps
68 verbose from cache /Users/Jeko/Dropbox/Workspace/node/node_modules/node-stringprep/package.json
69 verbose readDependencies using package.json deps
70 silly resolved []
71 verbose about to build /Users/Jeko/Dropbox/Workspace/node/node_modules/node-stringprep
72 info build /Users/Jeko/Dropbox/Workspace/node/node_modules/node-stringprep
73 verbose from cache /Users/Jeko/Dropbox/Workspace/node/node_modules/node-stringprep/package.json
74 verbose linkStuff [ false,
74 verbose linkStuff   false,
74 verbose linkStuff   false,
74 verbose linkStuff   '/Users/Jeko/Dropbox/Workspace/node/node_modules' ]
75 info linkStuff node-stringprep@0.1.5
76 verbose linkBins node-stringprep@0.1.5
77 verbose linkMans node-stringprep@0.1.5
78 verbose rebuildBundles node-stringprep@0.1.5
79 info install node-stringprep@0.1.5
80 verbose unsafe-perm in lifecycle true
81 silly exec sh "-c" "node-gyp rebuild"
82 silly sh,-c,node-gyp rebuild,/Users/Jeko/Dropbox/Workspace/node/node_modules/node-stringprep spawning
83 info node-stringprep@0.1.5 Failed to exec install script
84 info /Users/Jeko/Dropbox/Workspace/node/node_modules/node-stringprep unbuild
85 verbose from cache /Users/Jeko/Dropbox/Workspace/node/node_modules/node-stringprep/package.json
86 info preuninstall node-stringprep@0.1.5
87 info uninstall node-stringprep@0.1.5
88 verbose true,/Users/Jeko/Dropbox/Workspace/node/node_modules,/Users/Jeko/Dropbox/Workspace/node/node_modules unbuild node-stringprep@0.1.5
89 info postuninstall node-stringprep@0.1.5
90 error node-stringprep@0.1.5 install: `node-gyp rebuild`
90 error `sh "-c" "node-gyp rebuild"` failed with 1
91 error Failed at the node-stringprep@0.1.5 install script.
91 error This is most likely a problem with the node-stringprep package,
91 error not with npm itself.
91 error Tell the author that this fails on your system:
91 error     node-gyp rebuild
91 error You can get their info via:
91 error     npm owner ls node-stringprep
91 error There is likely additional logging output above.
92 error System Darwin 12.3.0
93 error command "node" "/usr/local/bin/npm" "install" "node-stringprep"
94 error cwd /Users/Jeko/Dropbox/Workspace/node
95 error node -v v0.10.6
96 error npm -v 1.2.18
97 error code ELIFECYCLE
98 verbose exit [ 1, true ]
